<?xml version="1.0" encoding="UTF-8"?>
<testng-results ignored="0" total="1" passed="1" failed="0" skipped="0">
  <reporter-output>
  </reporter-output>
  <suite started-at="2024-07-06T16:06:18 CEST" name="Default suite" finished-at="2024-07-06T16:16:24 CEST" duration-ms="605134">
    <groups>
    </groups>
    <test started-at="2024-07-06T16:06:18 CEST" name="Default test" finished-at="2024-07-06T16:16:24 CEST" duration-ms="605134">
      <class name="hduappium.Accessibot_BVG2">
        <test-method is-config="true" signature="ConfigureAppium1()[pri:0, instance:hduappium.Accessibot_BVG2@f68f0dc]" started-at="2024-07-06T16:06:18 CEST" name="ConfigureAppium1" finished-at="2024-07-06T16:06:28 CEST" duration-ms="9443" status="PASS">
          <reporter-output>
          </reporter-output>
        </test-method> <!-- ConfigureAppium1 -->
        <test-method signature="accessibilityTest()[pri:0, instance:hduappium.Accessibot_BVG2@f68f0dc]" started-at="2024-07-06T16:06:28 CEST" name="accessibilityTest" finished-at="2024-07-06T16:16:23 CEST" duration-ms="595426" status="PASS">
          <reporter-output>
          </reporter-output>
        </test-method> <!-- accessibilityTest -->
        <test-method is-config="true" signature="tearDown()[pri:0, instance:hduappium.Accessibot_BVG2@f68f0dc]" started-at="2024-07-06T16:16:23 CEST" name="tearDown" finished-at="2024-07-06T16:16:24 CEST" duration-ms="221" status="PASS">
          <reporter-output>
          </reporter-output>
        </test-method> <!-- tearDown -->
      </class> <!-- hduappium.Accessibot_BVG2 -->
    </test> <!-- Default test -->
  </suite> <!-- Default suite -->
</testng-results>
