<?xml version="1.0" encoding="UTF-8"?>
<testng-results ignored="0" total="1" passed="1" failed="0" skipped="0">
  <reporter-output>
  </reporter-output>
  <suite started-at="2024-01-28T00:44:27 CET" name="Default suite" finished-at="2024-01-28T00:44:54 CET" duration-ms="27290">
    <groups>
    </groups>
    <test started-at="2024-01-28T00:44:27 CET" name="Default test" finished-at="2024-01-28T00:44:54 CET" duration-ms="27290">
      <class name="hduappium.AccessibilityTest4">
        <test-method is-config="true" signature="ConfigureAppium1()[pri:0, instance:hduappium.AccessibilityTest4@16150369]" started-at="2024-01-28T00:44:27 CET" name="ConfigureAppium1" finished-at="2024-01-28T00:44:48 CET" duration-ms="21001" status="PASS">
          <reporter-output>
          </reporter-output>
        </test-method> <!-- ConfigureAppium1 -->
        <test-method signature="accessibilityTest()[pri:0, instance:hduappium.AccessibilityTest4@16150369]" started-at="2024-01-28T00:44:48 CET" name="accessibilityTest" finished-at="2024-01-28T00:44:54 CET" duration-ms="5754" status="PASS">
          <reporter-output>
          </reporter-output>
        </test-method> <!-- accessibilityTest -->
        <test-method is-config="true" signature="tearDown()[pri:0, instance:hduappium.AccessibilityTest4@16150369]" started-at="2024-01-28T00:44:54 CET" name="tearDown" finished-at="2024-01-28T00:44:54 CET" duration-ms="504" status="PASS">
          <reporter-output>
          </reporter-output>
        </test-method> <!-- tearDown -->
      </class> <!-- hduappium.AccessibilityTest4 -->
    </test> <!-- Default test -->
  </suite> <!-- Default suite -->
</testng-results>
